TID: [2014-06-19 10:13:31,154]  INFO {org.wso2.carbon.server.extensions.PatchInstaller} -  Patch changes detected  {org.wso2.carbon.server.extensions.PatchInstaller}
TID: [2014-06-19 10:13:31,314]  INFO {org.wso2.carbon.server.util.PatchUtils.console} -  Backed up plugins to patch0000 {org.wso2.carbon.server.util.PatchUtils.console}
TID: [2014-06-19 10:13:31,503]  INFO {org.wso2.carbon.server.util.PatchUtils.console} -  Patch verification started {org.wso2.carbon.server.util.PatchUtils.console}
TID: [2014-06-19 10:13:31,669]  INFO {org.wso2.carbon.server.util.PatchUtils.console} -  Patch verification successfully completed without encountering any issues. {org.wso2.carbon.server.util.PatchUtils.console}
TID: [0] [ES] [2014-06-19 10:13:33,432]  INFO {org.wso2.carbon.cassandra.dataaccess.internal.DataAccessServiceDSComponent} -  Cannot locate '/home/ayesha/Documents/Project/DEV/WSO2ES-With-Cartridge-Store/Cartridge-Store/wso2store-1.1.0/repository/conf/etc/hector-config.xml'. Using the default configuration {org.wso2.carbon.cassandra.dataaccess.internal.DataAccessServiceDSComponent}
TID: [0] [ES] [2014-06-19 10:13:33,466]  INFO {org.wso2.carbon.core.internal.CarbonCoreActivator} -  Starting WSO2 Carbon... {org.wso2.carbon.core.internal.CarbonCoreActivator}
TID: [0] [ES] [2014-06-19 10:13:33,466]  INFO {org.wso2.carbon.core.internal.CarbonCoreActivator} -  Operating System : Linux 3.13.0-24-generic, amd64 {org.wso2.carbon.core.internal.CarbonCoreActivator}
TID: [0] [ES] [2014-06-19 10:13:33,466]  INFO {org.wso2.carbon.core.internal.CarbonCoreActivator} -  Java Home        : /usr/lib/jvm/jdk1.6.0_31/jre {org.wso2.carbon.core.internal.CarbonCoreActivator}
TID: [0] [ES] [2014-06-19 10:13:33,466]  INFO {org.wso2.carbon.core.internal.CarbonCoreActivator} -  Java Version     : 1.6.0_31 {org.wso2.carbon.core.internal.CarbonCoreActivator}
TID: [0] [ES] [2014-06-19 10:13:33,466]  INFO {org.wso2.carbon.core.internal.CarbonCoreActivator} -  Java VM          : Java HotSpot(TM) 64-Bit Server VM 20.6-b01,Sun Microsystems Inc. {org.wso2.carbon.core.internal.CarbonCoreActivator}
TID: [0] [ES] [2014-06-19 10:13:33,466]  INFO {org.wso2.carbon.core.internal.CarbonCoreActivator} -  Carbon Home      : /home/ayesha/Documents/Project/DEV/WSO2ES-With-Cartridge-Store/Cartridge-Store/wso2store-1.1.0 {org.wso2.carbon.core.internal.CarbonCoreActivator}
TID: [0] [ES] [2014-06-19 10:13:33,466]  INFO {org.wso2.carbon.core.internal.CarbonCoreActivator} -  Java Temp Dir    : /home/ayesha/Documents/Project/DEV/WSO2ES-With-Cartridge-Store/Cartridge-Store/wso2store-1.1.0/tmp {org.wso2.carbon.core.internal.CarbonCoreActivator}
TID: [0] [ES] [2014-06-19 10:13:33,466]  INFO {org.wso2.carbon.core.internal.CarbonCoreActivator} -  User             : ayesha, en-US, Asia/Colombo {org.wso2.carbon.core.internal.CarbonCoreActivator}
TID: [0] [ES] [2014-06-19 10:13:33,511]  WARN {org.wso2.carbon.core.bootup.validator.util.ValidationResultPrinter} -  The default keystore (wso2carbon.jks) is currently being used. To maximize security when deploying to a production environment, configure a new keystore with a unique password in the production server profile. {org.wso2.carbon.core.bootup.validator.util.ValidationResultPrinter}
TID: [0] [ES] [2014-06-19 10:13:33,516]  INFO {org.wso2.carbon.databridge.agent.thrift.AgentHolder} -  Agent created ! {org.wso2.carbon.databridge.agent.thrift.AgentHolder}
TID: [0] [ES] [2014-06-19 10:13:33,531]  INFO {org.wso2.carbon.databridge.agent.thrift.internal.AgentDS} -  Successfully deployed Agent Client {org.wso2.carbon.databridge.agent.thrift.internal.AgentDS}
TID: [0] [ES] [2014-06-19 10:13:33,916]  INFO {org.wso2.carbon.social.internal.SocialComponent} -  Social Activity bundle is activated {org.wso2.carbon.social.internal.SocialComponent}
TID: [0] [ES] [2014-06-19 10:13:34,333]  WARN {org.apache.cassandra.service.CassandraDaemon} -  Your JVM is out of date. Please upgrade to the newest Oracle Java 6. {org.apache.cassandra.service.CassandraDaemon}
TID: [0] [ES] [2014-06-19 10:13:34,333]  WARN {org.apache.cassandra.service.CassandraDaemon} -  Your JVM is out of date. Please upgrade to the newest Oracle Java 6. {org.apache.cassandra.service.CassandraDaemon}
TID: [0] [ES] [2014-06-19 10:13:34,490]  INFO {org.wso2.carbon.registry.core.jdbc.EmbeddedRegistryService} -  Configured Registry in 85ms {org.wso2.carbon.registry.core.jdbc.EmbeddedRegistryService}
TID: [0] [ES] [2014-06-19 10:13:34,716] ERROR {org.apache.cassandra.cql3.QueryProcessor} -  Unable to initialize MemoryMeter (jamm not specified as javaagent).  This means Cassandra will be unable to measure object sizes accurately and may consequently OOM. {org.apache.cassandra.cql3.QueryProcessor}
TID: [0] [ES] [2014-06-19 10:13:34,716] ERROR {org.apache.cassandra.cql3.QueryProcessor} -  Unable to initialize MemoryMeter (jamm not specified as javaagent).  This means Cassandra will be unable to measure object sizes accurately and may consequently OOM. {org.apache.cassandra.cql3.QueryProcessor}
TID: [0] [ES] [2014-06-19 10:13:34,762]  INFO {org.wso2.carbon.registry.core.internal.RegistryCoreServiceComponent} -  Registry Mode    : READ-WRITE {org.wso2.carbon.registry.core.internal.RegistryCoreServiceComponent}
TID: [0] [ES] [2014-06-19 10:13:34,812]  WARN {org.wso2.carbon.bam.toolbox.deployer.internal.BAMToolBoxDeployerComponent} -  No toolbox.properties file found! There won't be default toolboxes.. {org.wso2.carbon.bam.toolbox.deployer.internal.BAMToolBoxDeployerComponent}
TID: [0] [ES] [2014-06-19 10:13:34,815]  INFO {org.wso2.carbon.bam.toolbox.deployer.internal.BAMToolBoxDeployerComponent} -  Successfully Started BAM Toolbox Deployer {org.wso2.carbon.bam.toolbox.deployer.internal.BAMToolBoxDeployerComponent}
TID: [0] [ES] [2014-06-19 10:13:34,835]  WARN {org.apache.cassandra.service.CacheService} -  MemoryMeter uninitialized (jamm not specified as java agent); KeyCache size in JVM Heap will not be calculated accurately. Usually this means cassandra-env.sh disabled jamm because you are using a buggy JRE; upgrade to the Sun JRE instead {org.apache.cassandra.service.CacheService}
TID: [0] [ES] [2014-06-19 10:13:34,835]  WARN {org.apache.cassandra.service.CacheService} -  MemoryMeter uninitialized (jamm not specified as java agent); KeyCache size in JVM Heap will not be calculated accurately. Usually this means cassandra-env.sh disabled jamm because you are using a buggy JRE; upgrade to the Sun JRE instead {org.apache.cassandra.service.CacheService}
TID: [0] [ES] [2014-06-19 10:13:34,850]  INFO {org.wso2.carbon.databridge.core.internal.DataBridgeDS} -  Successfully deployed Agent Server  {org.wso2.carbon.databridge.core.internal.DataBridgeDS}
TID: [0] [ES] [2014-06-19 10:13:34,854]  INFO {org.wso2.carbon.event.stream.manager.core.internal.util.EventStreamConfigurationHelper} -  The stream-manager-config.xml can not found  {org.wso2.carbon.event.stream.manager.core.internal.util.EventStreamConfigurationHelper}
TID: [0] [ES] [2014-06-19 10:13:34,857]  INFO {org.wso2.carbon.bam.toolbox.deployer.internal.DataBridgeRecieverServiceComponent} -  Successfully setted data bridge reciever service {org.wso2.carbon.bam.toolbox.deployer.internal.DataBridgeRecieverServiceComponent}
TID: [0] [ES] [2014-06-19 10:13:35,377]  WARN {org.apache.cassandra.db.SystemTable} -  No host ID found, created 3e64e218-cef5-4ea9-969b-8d7da1c8bf31 (Note: This should happen exactly once per node). {org.apache.cassandra.db.SystemTable}
TID: [0] [ES] [2014-06-19 10:13:35,377]  WARN {org.apache.cassandra.db.SystemTable} -  No host ID found, created 3e64e218-cef5-4ea9-969b-8d7da1c8bf31 (Note: This should happen exactly once per node). {org.apache.cassandra.db.SystemTable}
TID: [0] [ES] [2014-06-19 10:13:35,493]  WARN {org.apache.cassandra.service.StorageService} -  Generated random token [8914801960189043349]. Random tokens will result in an unbalanced ring; see http://wiki.apache.org/cassandra/Operations {org.apache.cassandra.service.StorageService}
TID: [0] [ES] [2014-06-19 10:13:35,493]  WARN {org.apache.cassandra.service.StorageService} -  Generated random token [8914801960189043349]. Random tokens will result in an unbalanced ring; see http://wiki.apache.org/cassandra/Operations {org.apache.cassandra.service.StorageService}
TID: [0] [ES] [2014-06-19 10:13:35,916]  INFO {org.wso2.carbon.cassandra.server.CassandraServerController} -  Cassandra Server Controller Thread was destroyed successfully {org.wso2.carbon.cassandra.server.CassandraServerController}
TID: [0] [ES] [2014-06-19 10:13:36,043]  INFO {org.wso2.carbon.user.core.internal.UserStoreMgtDSComponent} -  Carbon UserStoreMgtDSComponent activated successfully. {org.wso2.carbon.user.core.internal.UserStoreMgtDSComponent}
TID: [0] [ES] [2014-06-19 10:13:36,282]  INFO {org.wso2.jaggery.scxml.Activator} -  Activating org.wso2.jaggery.scxml with RealmService enabled {org.wso2.jaggery.scxml.Activator}
TID: [0] [ES] [2014-06-19 10:13:38,611]  INFO {org.apache.axis2.deployment.ClusterBuilder} -  Clustering has been disabled {org.apache.axis2.deployment.ClusterBuilder}
TID: [0] [ES] [2014-06-19 10:13:38,611]  INFO {org.apache.axis2.deployment.ClusterBuilder} -  Clustering has been disabled {org.apache.axis2.deployment.ClusterBuilder}
TID: [0] [ES] [2014-06-19 10:13:38,802]  WARN {org.wso2.carbon.stratos.landing.page.deployer.LandingPageWebappDeployer} -  Product landing page not found. {org.wso2.carbon.stratos.landing.page.deployer.LandingPageWebappDeployer}
TID: [0] [ES] [2014-06-19 10:13:38,802]  INFO {org.wso2.carbon.identity.user.store.configuration.deployer.UserStoreConfigurationDeployer} -  User Store Configuration Deployer initiated. {org.wso2.carbon.identity.user.store.configuration.deployer.UserStoreConfigurationDeployer}
TID: [0] [ES] [2014-06-19 10:13:38,804]  INFO {org.apache.axis2.transport.tcp.TCPTransportSender} -  TCP Sender started {org.apache.axis2.transport.tcp.TCPTransportSender}
TID: [0] [ES] [2014-06-19 10:13:38,804]  INFO {org.apache.axis2.transport.tcp.TCPTransportSender} -  TCP Sender started {org.apache.axis2.transport.tcp.TCPTransportSender}
TID: [0] [ES] [2014-06-19 10:13:38,909]  INFO {org.wso2.carbon.core.deployment.DeploymentInterceptor} -  Deploying Axis2 service: Version {super-tenant} {org.wso2.carbon.core.deployment.DeploymentInterceptor}
TID: [0] [ES] [2014-06-19 10:13:38,926]  INFO {org.apache.axis2.deployment.DeploymentEngine} -  Deploying Web service: Version.aar - file:/home/ayesha/Documents/Project/DEV/WSO2ES-With-Cartridge-Store/Cartridge-Store/wso2store-1.1.0/repository/deployment/server/axis2services/Version.aar {org.apache.axis2.deployment.DeploymentEngine}
TID: [0] [ES] [2014-06-19 10:13:38,926]  INFO {org.apache.axis2.deployment.DeploymentEngine} -  Deploying Web service: Version.aar - file:/home/ayesha/Documents/Project/DEV/WSO2ES-With-Cartridge-Store/Cartridge-Store/wso2store-1.1.0/repository/deployment/server/axis2services/Version.aar {org.apache.axis2.deployment.DeploymentEngine}
TID: [0] [ES] [2014-06-19 10:13:38,934]  INFO {org.wso2.carbon.core.deployment.DeploymentInterceptor} -  Deploying Axis2 service: echo {super-tenant} {org.wso2.carbon.core.deployment.DeploymentInterceptor}
TID: [0] [ES] [2014-06-19 10:13:38,963]  INFO {org.apache.axis2.deployment.DeploymentEngine} -  Deploying Web service: Echo.aar - file:/home/ayesha/Documents/Project/DEV/WSO2ES-With-Cartridge-Store/Cartridge-Store/wso2store-1.1.0/repository/deployment/server/axis2services/Echo.aar {org.apache.axis2.deployment.DeploymentEngine}
TID: [0] [ES] [2014-06-19 10:13:38,963]  INFO {org.apache.axis2.deployment.DeploymentEngine} -  Deploying Web service: Echo.aar - file:/home/ayesha/Documents/Project/DEV/WSO2ES-With-Cartridge-Store/Cartridge-Store/wso2store-1.1.0/repository/deployment/server/axis2services/Echo.aar {org.apache.axis2.deployment.DeploymentEngine}
TID: [0] [ES] [2014-06-19 10:13:43,680]  INFO {org.apache.shiro.config.IniSecurityManagerFactory} -  Realms have been explicitly set on the SecurityManager instance - auto-setting of realms will not occur. {org.apache.shiro.config.IniSecurityManagerFactory}
TID: [0] [ES] [2014-06-19 10:13:43,680]  INFO {org.apache.shiro.config.IniSecurityManagerFactory} -  Realms have been explicitly set on the SecurityManager instance - auto-setting of realms will not occur. {org.apache.shiro.config.IniSecurityManagerFactory}
TID: [0] [ES] [2014-06-19 10:13:43,681]  INFO {org.apache.shiro.realm.AuthorizingRealm} -  No cache or cacheManager properties have been set.  Authorization cache cannot be obtained. {org.apache.shiro.realm.AuthorizingRealm}
TID: [0] [ES] [2014-06-19 10:13:43,681]  INFO {org.apache.shiro.realm.AuthorizingRealm} -  No cache or cacheManager properties have been set.  Authorization cache cannot be obtained. {org.apache.shiro.realm.AuthorizingRealm}
TID: [0] [ES] [2014-06-19 10:13:43,690]  INFO {org.wso2.carbon.webapp.mgt.TomcatGenericWebappsDeployer} -  Deployed webapp: StandardEngine[Catalina].StandardHost[localhost].StandardContext[/].File[/home/ayesha/Documents/Project/DEV/WSO2ES-With-Cartridge-Store/Cartridge-Store/wso2store-1.1.0/repository/deployment/server/webapps/ROOT] {org.wso2.carbon.webapp.mgt.TomcatGenericWebappsDeployer}
TID: [0] [ES] [2014-06-19 10:13:44,341]  INFO {org.jaggeryjs.jaggery.app.mgt.TomcatJaggeryWebappsDeployer} -  Deployed webapp: StandardEngine[Catalina].StandardHost[localhost].StandardContext[/store-admin].File[/home/ayesha/Documents/Project/DEV/WSO2ES-With-Cartridge-Store/Cartridge-Store/wso2store-1.1.0/repository/deployment/server/jaggeryapps/store-admin] {org.jaggeryjs.jaggery.app.mgt.TomcatJaggeryWebappsDeployer}
TID: [0] [ES] [2014-06-19 10:13:44,361]  INFO {org.jaggeryjs.jaggery.app.mgt.TomcatJaggeryWebappsDeployer} -  Deployed webapp: StandardEngine[Catalina].StandardHost[localhost].StandardContext[/storage].File[/home/ayesha/Documents/Project/DEV/WSO2ES-With-Cartridge-Store/Cartridge-Store/wso2store-1.1.0/repository/deployment/server/jaggeryapps/storage] {org.jaggeryjs.jaggery.app.mgt.TomcatJaggeryWebappsDeployer}
TID: [0] [ES] [2014-06-19 10:13:44,764]  INFO {org.jaggeryjs.jaggery.app.mgt.TomcatJaggeryWebappsDeployer} -  Deployed webapp: StandardEngine[Catalina].StandardHost[localhost].StandardContext[/store].File[/home/ayesha/Documents/Project/DEV/WSO2ES-With-Cartridge-Store/Cartridge-Store/wso2store-1.1.0/repository/deployment/server/jaggeryapps/store] {org.jaggeryjs.jaggery.app.mgt.TomcatJaggeryWebappsDeployer}
TID: [0] [ES] [2014-06-19 10:13:44,957]  INFO {JAGGERY.config.app:js} -  Emitting event : tenantLoad {JAGGERY.config.app:js}
TID: [0] [ES] [2014-06-19 10:13:44,965]  INFO {JAGGERY.config.app:js} -  Emitting event : tenantCreate {JAGGERY.config.app:js}
TID: [0] [ES] [2014-06-19 10:13:45,381]  INFO {org.jaggeryjs.jaggery.app.mgt.TomcatJaggeryWebappsDeployer} -  Deployed webapp: StandardEngine[Catalina].StandardHost[localhost].StandardContext[/publisher].File[/home/ayesha/Documents/Project/DEV/WSO2ES-With-Cartridge-Store/Cartridge-Store/wso2store-1.1.0/repository/deployment/server/jaggeryapps/publisher] {org.jaggeryjs.jaggery.app.mgt.TomcatJaggeryWebappsDeployer}
TID: [0] [ES] [2014-06-19 10:13:45,435]  INFO {org.jaggeryjs.jaggery.app.mgt.TomcatJaggeryWebappsDeployer} -  Deployed webapp: StandardEngine[Catalina].StandardHost[localhost].StandardContext[/social].File[/home/ayesha/Documents/Project/DEV/WSO2ES-With-Cartridge-Store/Cartridge-Store/wso2store-1.1.0/repository/deployment/server/jaggeryapps/social] {org.jaggeryjs.jaggery.app.mgt.TomcatJaggeryWebappsDeployer}
TID: [0] [ES] [2014-06-19 10:13:45,488]  INFO {org.jaggeryjs.jaggery.app.mgt.TomcatJaggeryWebappsDeployer} -  Deployed webapp: StandardEngine[Catalina].StandardHost[localhost].StandardContext[/sso].File[/home/ayesha/Documents/Project/DEV/WSO2ES-With-Cartridge-Store/Cartridge-Store/wso2store-1.1.0/repository/deployment/server/jaggeryapps/sso] {org.jaggeryjs.jaggery.app.mgt.TomcatJaggeryWebappsDeployer}
TID: [0] [ES] [2014-06-19 10:13:45,492]  INFO {org.wso2.carbon.bam.toolbox.deployer.core.BAMToolBoxDeployer} -  Deploying file:/home/ayesha/Documents/Project/DEV/WSO2ES-With-Cartridge-Store/Cartridge-Store/wso2store-1.1.0/repository/deployment/server/bam-toolbox/social.tbox {org.wso2.carbon.bam.toolbox.deployer.core.BAMToolBoxDeployer}
TID: [0] [ES] [2014-06-19 10:13:45,493]  INFO {org.wso2.carbon.bam.toolbox.deployer.core.BAMToolBoxDeployer} -  Extracting toolbox to directory: /home/ayesha/Documents/Project/DEV/WSO2ES-With-Cartridge-Store/Cartridge-Store/wso2store-1.1.0/tmp/tbox {org.wso2.carbon.bam.toolbox.deployer.core.BAMToolBoxDeployer}
TID: [0] [ES] [2014-06-19 10:13:45,495]  INFO {org.wso2.carbon.bam.toolbox.deployer.core.BAMArtifactProcessor} -  No Analytics found for toolbox :social {org.wso2.carbon.bam.toolbox.deployer.core.BAMArtifactProcessor}
TID: [0] [ES] [2014-06-19 10:13:45,496]  INFO {org.wso2.carbon.bam.toolbox.deployer.core.BAMArtifactProcessor} -  No jaggery artifacts found {org.wso2.carbon.bam.toolbox.deployer.core.BAMArtifactProcessor}
TID: [0] [ES] [2014-06-19 10:13:45,530]  INFO {org.wso2.carbon.databridge.streamdefn.registry.datastore.RegistryStreamDefinitionStore} -  Stream definition added to registry successfully : org.wso2.social.activity:1.0.0 {org.wso2.carbon.databridge.streamdefn.registry.datastore.RegistryStreamDefinitionStore}
TID: [0] [ES] [2014-06-19 10:13:45,533]  INFO {org.wso2.carbon.event.stream.manager.core.internal.CarbonEventStreamService} -  Stream definition - org.wso2.social.activity:1.0.0 added to registry successfully {org.wso2.carbon.event.stream.manager.core.internal.CarbonEventStreamService}
TID: [0] [ES] [2014-06-19 10:13:45,543]  INFO {org.wso2.carbon.bam.toolbox.deployer.core.BAMToolBoxDeployer} -  Deployed successfully file: /home/ayesha/Documents/Project/DEV/WSO2ES-With-Cartridge-Store/Cartridge-Store/wso2store-1.1.0/repository/deployment/server/bam-toolbox/social.tbox {org.wso2.carbon.bam.toolbox.deployer.core.BAMToolBoxDeployer}
TID: [0] [ES] [2014-06-19 10:13:45,574]  INFO {org.apache.axis2.deployment.ModuleDeployer} -  Deploying module: addressing-1.6.1-wso2v10 - file:/home/ayesha/Documents/Project/DEV/WSO2ES-With-Cartridge-Store/Cartridge-Store/wso2store-1.1.0/repository/deployment/client/modules/addressing-1.6.1-wso2v10.mar {org.apache.axis2.deployment.ModuleDeployer}
TID: [0] [ES] [2014-06-19 10:13:45,574]  INFO {org.apache.axis2.deployment.ModuleDeployer} -  Deploying module: addressing-1.6.1-wso2v10 - file:/home/ayesha/Documents/Project/DEV/WSO2ES-With-Cartridge-Store/Cartridge-Store/wso2store-1.1.0/repository/deployment/client/modules/addressing-1.6.1-wso2v10.mar {org.apache.axis2.deployment.ModuleDeployer}
TID: [0] [ES] [2014-06-19 10:13:45,576]  INFO {org.apache.axis2.transport.tcp.TCPTransportSender} -  TCP Sender started {org.apache.axis2.transport.tcp.TCPTransportSender}
TID: [0] [ES] [2014-06-19 10:13:45,576]  INFO {org.apache.axis2.transport.tcp.TCPTransportSender} -  TCP Sender started {org.apache.axis2.transport.tcp.TCPTransportSender}
TID: [0] [ES] [2014-06-19 10:13:46,044]  WARN {org.apache.axis2.description.java2wsdl.DefaultSchemaGenerator} -  We don't support method overloading. Ignoring [validateAudienceRestriction] {org.apache.axis2.description.java2wsdl.DefaultSchemaGenerator}
TID: [0] [ES] [2014-06-19 10:13:46,044]  WARN {org.apache.axis2.description.java2wsdl.DefaultSchemaGenerator} -  We don't support method overloading. Ignoring [validateAudienceRestriction] {org.apache.axis2.description.java2wsdl.DefaultSchemaGenerator}
TID: [0] [ES] [2014-06-19 10:13:46,768]  INFO {org.apache.axis2.deployment.DeploymentEngine} -  Deploying Web service: org.wso2.carbon.registry.ws.api -  {org.apache.axis2.deployment.DeploymentEngine}
TID: [0] [ES] [2014-06-19 10:13:46,768]  INFO {org.apache.axis2.deployment.DeploymentEngine} -  Deploying Web service: org.wso2.carbon.registry.ws.api -  {org.apache.axis2.deployment.DeploymentEngine}
TID: [0] [ES] [2014-06-19 10:13:46,948]  INFO {org.wso2.carbon.core.init.CarbonServerManager} -  Repository       : /home/ayesha/Documents/Project/DEV/WSO2ES-With-Cartridge-Store/Cartridge-Store/wso2store-1.1.0/repository/deployment/server/ {org.wso2.carbon.core.init.CarbonServerManager}
TID: [0] [ES] [2014-06-19 10:13:46,969]  INFO {org.wso2.carbon.core.internal.permission.update.PermissionUpdater} -  Permission cache updated for tenant -1234 {org.wso2.carbon.core.internal.permission.update.PermissionUpdater}
TID: [0] [ES] [2014-06-19 10:13:47,178]  INFO {org.wso2.carbon.databridge.receiver.thrift.internal.ThriftDataReceiver} -  Thrift Server started at 192.168.122.1 {org.wso2.carbon.databridge.receiver.thrift.internal.ThriftDataReceiver}
TID: [0] [ES] [2014-06-19 10:13:47,184]  INFO {org.wso2.carbon.databridge.receiver.thrift.internal.ThriftDataReceiver} -  Thrift SSL port : 7711 {org.wso2.carbon.databridge.receiver.thrift.internal.ThriftDataReceiver}
TID: [0] [ES] [2014-06-19 10:13:47,186]  INFO {org.wso2.carbon.databridge.receiver.thrift.internal.ThriftDataReceiver} -  Thrift port : 7611 {org.wso2.carbon.databridge.receiver.thrift.internal.ThriftDataReceiver}
TID: [0] [ES] [2014-06-19 10:13:47,747]  INFO {org.wso2.stratos.identity.saml2.sso.mgt.SSOServiceProviderUpdateManager} -  A SSO Service Provider is registered for : store {org.wso2.stratos.identity.saml2.sso.mgt.SSOServiceProviderUpdateManager}
TID: [0] [ES] [2014-06-19 10:13:47,747]  INFO {org.wso2.stratos.identity.saml2.sso.mgt.SSOServiceProviderUpdateManager} -  A SSO Service Provider is registered for : social {org.wso2.stratos.identity.saml2.sso.mgt.SSOServiceProviderUpdateManager}
TID: [0] [ES] [2014-06-19 10:13:47,747]  INFO {org.wso2.stratos.identity.saml2.sso.mgt.SSOServiceProviderUpdateManager} -  A SSO Service Provider is registered for : publisher {org.wso2.stratos.identity.saml2.sso.mgt.SSOServiceProviderUpdateManager}
TID: [0] [ES] [2014-06-19 10:13:47,857]  INFO {org.wso2.carbon.core.transports.http.HttpsTransportListener} -  HTTPS port       : 9443 {org.wso2.carbon.core.transports.http.HttpsTransportListener}
TID: [0] [ES] [2014-06-19 10:13:47,857]  INFO {org.wso2.carbon.core.transports.http.HttpTransportListener} -  HTTP port        : 9763 {org.wso2.carbon.core.transports.http.HttpTransportListener}
TID: [0] [ES] [2014-06-19 10:13:47,884]  INFO {org.wso2.carbon.registry.eventing.internal.RegistryEventingServiceComponent} -  Successfully Initialized Eventing on Registry {org.wso2.carbon.registry.eventing.internal.RegistryEventingServiceComponent}
TID: [0] [ES] [2014-06-19 10:13:51,764]  INFO {JAGGERY.config.app:js} -  Store URL : http://localhost:9763/store {JAGGERY.config.app:js}
TID: [0] [ES] [2014-06-19 10:13:52,381]  INFO {JAGGERY.config.app:js} -  Publisher URL : http://localhost:9763/publisher {JAGGERY.config.app:js}
TID: [0] [ES] [2014-06-19 10:15:55,587]  INFO {org.wso2.carbon.core.init.JMXServerManager} -  JMX Service URL  : service:jmx:rmi://localhost:11111/jndi/rmi://localhost:9999/jmxrmi {org.wso2.carbon.core.init.JMXServerManager}
TID: [0] [ES] [2014-06-19 10:15:55,587]  INFO {org.wso2.carbon.core.internal.StartupFinalizerServiceComponent} -  Server           :  WSO2 Enterprise Store-1.0.0 {org.wso2.carbon.core.internal.StartupFinalizerServiceComponent}
TID: [0] [ES] [2014-06-19 10:15:55,588]  INFO {org.wso2.carbon.core.internal.StartupFinalizerServiceComponent} -  WSO2 Carbon started in 144 sec {org.wso2.carbon.core.internal.StartupFinalizerServiceComponent}
TID: [0] [ES] [2014-06-19 10:15:55,766]  INFO {org.wso2.carbon.ui.internal.CarbonUIServiceComponent} -  Mgt Console URL  : https://192.168.122.1:9443/admin/carbon/ {org.wso2.carbon.ui.internal.CarbonUIServiceComponent}
TID: [0] [ES] [2014-06-19 10:16:39,070]  INFO {JAGGERY..controllers.top-assets:jag} -  Emitting event : tenantLoad {JAGGERY..controllers.top-assets:jag}
TID: [0] [ES] [2014-06-19 10:16:39,072]  INFO {JAGGERY..controllers.top-assets:jag} -  Emitting event : tenantCreate {JAGGERY..controllers.top-assets:jag}
TID: [0] [ES] [2014-06-19 10:16:46,140]  INFO {JAGGERY.controllers.login:jag} -  LOgin URL: https://192.168.122.1:9443/admin/samlsso {JAGGERY.controllers.login:jag}
TID: [0] [ES] [2014-06-19 10:16:52,945]  INFO {org.wso2.carbon.core.services.util.CarbonAuthenticationUtil} -  'admin@carbon.super [-1234]' logged in at [2014-06-19 10:16:52,945+0530] {org.wso2.carbon.core.services.util.CarbonAuthenticationUtil}
TID: [0] [ES] [2014-06-19 10:16:53,134]  INFO {JAGGERY.controllers.acs:jag} -  Emitting event : login {JAGGERY.controllers.acs:jag}
TID: [0] [ES] [2014-06-19 10:17:19,971]  WARN {org.wso2.carbon.core.services.util.CarbonAuthenticationUtil} -  Failed Administrator login attempt 'admin[-1234]' at [2014-06-19 10:17:19,970+0530] {org.wso2.carbon.core.services.util.CarbonAuthenticationUtil}
TID: [0] [ES] [2014-06-19 10:17:25,917]  INFO {org.wso2.carbon.core.services.util.CarbonAuthenticationUtil} -  'admin@carbon.super [-1234]' logged in at [2014-06-19 10:17:25,917+0530] {org.wso2.carbon.core.services.util.CarbonAuthenticationUtil}
TID: [0] [ES] [2014-06-19 10:17:53,886]  INFO {JAGGERY.controllers.logout:jag} -  Logout URL: https://192.168.122.1:9443/admin/samlsso {JAGGERY.controllers.logout:jag}
TID: [0] [ES] [2014-06-19 10:17:54,127]  INFO {JAGGERY.controllers.login:jag} -  LOgin URL: https://192.168.122.1:9443/admin/samlsso {JAGGERY.controllers.login:jag}
TID: [0] [ES] [2014-06-19 10:18:07,972]  INFO {JAGGERY.views.register:jag} -  Emitting event : tenantLoad {JAGGERY.views.register:jag}
TID: [0] [ES] [2014-06-19 10:18:07,975]  INFO {JAGGERY.views.register:jag} -  Emitting event : tenantCreate {JAGGERY.views.register:jag}
TID: [0] [ES] [2014-06-19 10:18:07,984]  INFO {JAGGERY.views.register:jag} -  Emitting event : userRegister {JAGGERY.views.register:jag}
TID: [0] [ES] [2014-06-19 10:18:08,000]  INFO {org.wso2.carbon.core.services.util.CarbonAuthenticationUtil} -  'AyeshaDissnayaka@carbon.super [-1234]' logged in at [2014-06-19 10:18:08,000+0530] {org.wso2.carbon.core.services.util.CarbonAuthenticationUtil}
TID: [0] [ES] [2014-06-19 10:18:08,060]  INFO {JAGGERY.controllers.acs:jag} -  Emitting event : login {JAGGERY.controllers.acs:jag}
TID: [0] [ES] [2014-06-19 10:18:08,067]  INFO {JAGGERY.controllers.acs:jag} -  Emitting event : userRegister {JAGGERY.controllers.acs:jag}
